[15:05:30] [Server thread/INFO]: [0;33;1m--------- [0;37;1mHelp: Index [0;33;1m---------------------------[m
[15:05:30] [Server thread/INFO]: [0;37;22mUse /help [n] to get page n of help.[m
[15:05:30] [Server thread/INFO]: [0;37;22m[0;33;22mAliases: [0;37;1mLists command aliases[m
[15:05:30] [Server thread/INFO]: [0;37;1m[0;33;22mBukkit: [0;37;1mAll commands for Bukkit[m
[15:05:30] [Server thread/INFO]: [0;37;1m[0;33;22mChunky: [0;37;1mAll commands for Chunky[m
[15:05:30] [Server thread/INFO]: [0;37;1m[0;33;22mLoginSecurity: [0;37;1mAll commands for LoginSecurity[m
[15:05:30] [Server thread/INFO]: [0;37;1m[0;33;22mMinecraft: [0;37;1mAll commands for Minecraft[m
[15:05:30] [Server thread/INFO]: [0;37;1m[0;33;22m/advancement: [0;37;1mA Mojang provided command.[m
[15:05:30] [Server thread/INFO]: [0;37;1m[0;33;22m/attribute: [0;37;1mA Mojang provided command.[m
[15:05:30] [Server thread/INFO]: [0;37;1m[0;33;22m/ban: [0;37;1mA Mojang provided command.[m
[15:05:30] [Server thread/INFO]: [0;37;1m[0;33;22m/ban-ip: [0;37;1mA Mojang provided command.[m
[15:05:30] [Server thread/INFO]: [0;37;1m[0;33;22m/banlist: [0;37;1mA Mojang provided command.[m
[15:05:30] [Server thread/INFO]: [0;37;1m[0;33;22m/bossbar: [0;37;1mA Mojang provided command.[m
[15:05:30] [Server thread/INFO]: [0;37;1m[0;33;22m/changepassword: [0;37;1mChange your account password.[m
[15:05:30] [Server thread/INFO]: [0;37;1m[0;33;22m/chunky: [0;37;1mGenerates chunks[m
[15:05:30] [Server thread/INFO]: [0;37;1m[0;33;22m/clear: [0;37;1mA Mojang provided command.[m
[15:05:30] [Server thread/INFO]: [0;37;1m[0;33;22m/clone: [0;37;1mA Mojang provided command.[m
[15:05:30] [Server thread/INFO]: [0;37;1m[0;33;22m/damage: [0;37;1mA Mojang provided command.[m
[15:05:30] [Server thread/INFO]: [0;37;1m[0;33;22m/data: [0;37;1mA Mojang provided command.[m
[15:05:30] [Server thread/INFO]: [0;37;1m[0;33;22m/datapack: [0;37;1mA Mojang provided command.[m
[15:05:30] [Server thread/INFO]: [0;37;1m[0;33;22m/debug: [0;37;1mA Mojang provided command.[m
[15:05:30] [Server thread/INFO]: [0;37;1m[0;33;22m/defaultgamemode: [0;37;1mA Mojang provided command.[m
[15:05:30] [Server thread/INFO]: [0;37;1m[0;33;22m/deop: [0;37;1mA Mojang provided command.[m
[15:05:30] [Server thread/INFO]: [0;37;1m[0;33;22m/difficulty: [0;37;1mA Mojang provided command.[m
[15:05:30] [Server thread/INFO]: [0;37;1m[0;33;22m/effect: [0;37;1mA Mojang provided command.[m
[15:05:30] [Server thread/INFO]: [0;37;1m[0;33;22m/enchant: [0;37;1mA Mojang provided command.[m
[15:05:30] [Server thread/INFO]: [0;37;1m[0;33;22m/execute: [0;37;1mA Mojang provided command.[m
[15:05:30] [Server thread/INFO]: [0;37;1m[0;33;22m/experience: [0;37;1mA Mojang provided command.[m
[15:05:30] [Server thread/INFO]: [0;37;1m[0;33;22m/fill: [0;37;1mA Mojang provided command.[m
[15:05:30] [Server thread/INFO]: [0;37;1m[0;33;22m/fillbiome: [0;37;1mA Mojang provided command.[m
[15:05:30] [Server thread/INFO]: [0;37;1m[0;33;22m/forceload: [0;37;1mA Mojang provided command.[m
[15:05:30] [Server thread/INFO]: [0;37;1m[0;33;22m/function: [0;37;1mA Mojang provided command.[m
[15:05:30] [Server thread/INFO]: [0;37;1m[0;33;22m/gamemode: [0;37;1mA Mojang provided command.[m
[15:05:30] [Server thread/INFO]: [0;37;1m[0;33;22m/gamerule: [0;37;1mA Mojang provided command.[m
[15:05:30] [Server thread/INFO]: [0;37;1m[0;33;22m/give: [0;37;1mA Mojang provided command.[m
[15:05:30] [Server thread/INFO]: [0;37;1m[0;33;22m/help: [0;37;1mShows the help menu[m
[15:05:30] [Server thread/INFO]: [0;37;1m[0;33;22m/item: [0;37;1mA Mojang provided command.[m
[15:05:30] [Server thread/INFO]: [0;37;1m[0;33;22m/jfr: [0;37;1mA Mojang provided command.[m
[15:05:30] [Server thread/INFO]: [0;37;1m[0;33;22m/kick: [0;37;1mA Mojang provided command.[m
[15:05:30] [Server thread/INFO]: [0;37;1m[0;33;22m/kill: [0;37;1mA Mojang provided command.[m
[15:05:30] [Server thread/INFO]: [0;37;1m[0;33;22m/lac: [0;37;1mLoginSecurity Admin command.[m
[15:05:30] [Server thread/INFO]: [0;37;1m[0;33;22m/list: [0;37;1mA Mojang provided command.[m
[15:05:30] [Server thread/INFO]: [0;37;1m[0;33;22m/locate: [0;37;1mA Mojang provided command.[m
[15:05:30] [Server thread/INFO]: [0;37;1m[0;33;22m/login: [0;37;1mLogin with your account.[m
[15:05:30] [Server thread/INFO]: [0;37;1m[0;33;22m/logout: [0;37;1mLog out of your account.[m
[15:05:30] [Server thread/INFO]: [0;37;1m[0;33;22m/loot: [0;37;1mA Mojang provided command.[m
[15:05:30] [Server thread/INFO]: [0;37;1m[0;33;22m/me: [0;37;1mA Mojang provided command.[m
[15:05:30] [Server thread/INFO]: [0;37;1m[0;33;22m/minecraft:help: [0;37;1mA Mojang provided command.[m
[15:05:30] [Server thread/INFO]: [0;37;1m[0;33;22m/minecraft:reload: [0;37;1mA Mojang provided command.[m
[15:05:30] [Server thread/INFO]: [0;37;1m[0;33;22m/msg: [0;37;1mA Mojang provided command.[m
[15:05:30] [Server thread/INFO]: [0;37;1m[0;33;22m/op: [0;37;1mA Mojang provided command.[m
[15:05:30] [Server thread/INFO]: [0;37;1m[0;33;22m/pardon: [0;37;1mA Mojang provided command.[m
[15:05:30] [Server thread/INFO]: [0;37;1m[0;33;22m/pardon-ip: [0;37;1mA Mojang provided command.[m
[15:05:30] [Server thread/INFO]: [0;37;1m[0;33;22m/particle: [0;37;1mA Mojang provided command.[m
[15:05:30] [Server thread/INFO]: [0;37;1m[0;33;22m/perf: [0;37;1mA Mojang provided command.[m
[15:05:30] [Server thread/INFO]: [0;37;1m[0;33;22m/place: [0;37;1mA Mojang provided command.[m
[15:05:30] [Server thread/INFO]: [0;37;1m[0;33;22m/playsound: [0;37;1mA Mojang provided command.[m
[15:05:30] [Server thread/INFO]: [0;37;1m[0;33;22m/plugins: [0;37;1mGets a list of plugins running on the server[m
[15:05:30] [Server thread/INFO]: [0;37;1m[0;33;22m/random: [0;37;1mA Mojang provided command.[m
[15:05:30] [Server thread/INFO]: [0;37;1m[0;33;22m/recipe: [0;37;1mA Mojang provided command.[m
[15:05:30] [Server thread/INFO]: [0;37;1m[0;33;22m/register: [0;37;1mSet a password for your account.[m
[15:05:30] [Server thread/INFO]: [0;37;1m[0;33;22m/reload: [0;37;1mReloads the server configuration and plugins[m
[15:05:30] [Server thread/INFO]: [0;37;1m[0;33;22m/restart: [0;37;1mRestarts the server[m
[15:05:30] [Server thread/INFO]: [0;37;1m[0;33;22m/return: [0;37;1mA Mojang provided command.[m
[15:05:30] [Server thread/INFO]: [0;37;1m[0;33;22m/ride: [0;37;1mA Mojang provided command.[m
[15:05:30] [Server thread/INFO]: [0;37;1m[0;33;22m/save-all: [0;37;1mA Mojang provided command.[m
[15:05:30] [Server thread/INFO]: [0;37;1m[0;33;22m/save-off: [0;37;1mA Mojang provided command.[m
[15:05:30] [Server thread/INFO]: [0;37;1m[0;33;22m/save-on: [0;37;1mA Mojang provided command.[m
[15:05:30] [Server thread/INFO]: [0;37;1m[0;33;22m/say: [0;37;1mA Mojang provided command.[m
[15:05:30] [Server thread/INFO]: [0;37;1m[0;33;22m/schedule: [0;37;1mA Mojang provided command.[m
[15:05:30] [Server thread/INFO]: [0;37;1m[0;33;22m/scoreboard: [0;37;1mA Mojang provided command.[m
[15:05:30] [Server thread/INFO]: [0;37;1m[0;33;22m/seed: [0;37;1mA Mojang provided command.[m
[15:05:30] [Server thread/INFO]: [0;37;1m[0;33;22m/setblock: [0;37;1mA Mojang provided command.[m
[15:05:30] [Server thread/INFO]: [0;37;1m[0;33;22m/setidletimeout: [0;37;1mA Mojang provided command.[m
[15:05:30] [Server thread/INFO]: [0;37;1m[0;33;22m/setworldspawn: [0;37;1mA Mojang provided command.[m
[15:05:30] [Server thread/INFO]: [0;37;1m[0;33;22m/spawnpoint: [0;37;1mA Mojang provided command.[m
[15:05:30] [Server thread/INFO]: [0;37;1m[0;33;22m/spectate: [0;37;1mA Mojang provided command.[m
[15:05:30] [Server thread/INFO]: [0;37;1m[0;33;22m/spigot: [0;37;1mSpigot related commands[m
[15:05:30] [Server thread/INFO]: [0;37;1m[0;33;22m/spreadplayers: [0;37;1mA Mojang provided command.[m
[15:05:30] [Server thread/INFO]: [0;37;1m[0;33;22m/stop: [0;37;1mA Mojang provided command.[m
[15:05:30] [Server thread/INFO]: [0;37;1m[0;33;22m/stopsound: [0;37;1mA Mojang provided command.[m
[15:05:30] [Server thread/INFO]: [0;37;1m[0;33;22m/summon: [0;37;1mA Mojang provided command.[m
[15:05:30] [Server thread/INFO]: [0;37;1m[0;33;22m/tag: [0;37;1mA Mojang provided command.[m
[15:05:30] [Server thread/INFO]: [0;37;1m[0;33;22m/team: [0;37;1mA Mojang provided command.[m
[15:05:30] [Server thread/INFO]: [0;37;1m[0;33;22m/teammsg: [0;37;1mA Mojang provided command.[m
[15:05:30] [Server thread/INFO]: [0;37;1m[0;33;22m/teleport: [0;37;1mA Mojang provided command.[m
[15:05:30] [Server thread/INFO]: [0;37;1m[0;33;22m/tell: [0;37;1mA Mojang provided command.[m
[15:05:30] [Server thread/INFO]: [0;37;1m[0;33;22m/tellraw: [0;37;1mA Mojang provided command.[m
[15:05:30] [Server thread/INFO]: [0;37;1m[0;33;22m/tick: [0;37;1mA Mojang provided command.[m
[15:05:30] [Server thread/INFO]: [0;37;1m[0;33;22m/time: [0;37;1mA Mojang provided command.[m
[15:05:30] [Server thread/INFO]: [0;37;1m[0;33;22m/timings: [0;37;1mManages Spigot Timings data to see performance of the server.[m
[15:05:30] [Server thread/INFO]: [0;37;1m[0;33;22m/title: [0;37;1mA Mojang provided command.[m
[15:05:30] [Server thread/INFO]: [0;37;1m[0;33;22m/tm: [0;37;1mA Mojang provided command.[m
[15:05:30] [Server thread/INFO]: [0;37;1m[0;33;22m/tp: [0;37;1mA Mojang provided command.[m
[15:05:30] [Server thread/INFO]: [0;37;1m[0;33;22m/tps: [0;37;1mGets the current ticks per second for the server[m
[15:05:30] [Server thread/INFO]: [0;37;1m[0;33;22m/trigger: [0;37;1mA Mojang provided command.[m
[15:05:30] [Server thread/INFO]: [0;37;1m[0;33;22m/unregister: [0;37;1mUnregister your account.[m
[15:05:30] [Server thread/INFO]: [0;37;1m[0;33;22m/version: [0;37;1mGets the version of this server including any plugins in use[m
[15:05:30] [Server thread/INFO]: [0;37;1m[0;33;22m/w: [0;37;1mA Mojang provided command.[m
[15:05:30] [Server thread/INFO]: [0;37;1m[0;33;22m/weather: [0;37;1mA Mojang provided command.[m
[15:05:30] [Server thread/INFO]: [0;37;1m[0;33;22m/whitelist: [0;37;1mA Mojang provided command.[m
[15:05:30] [Server thread/INFO]: [0;37;1m[0;33;22m/worldborder: [0;37;1mA Mojang provided command.[m
[15:05:30] [Server thread/INFO]: [0;37;1m[0;33;22m/xp: [0;37;1mA Mojang provided command.[m
[15:05:32] [Server thread/INFO]: [0;33;1m--------- [0;37;1mHelp: Index [0;33;1m---------------------------[m
[15:05:32] [Server thread/INFO]: [0;37;22mUse /help [n] to get page n of help.[m
[15:05:32] [Server thread/INFO]: [0;37;22m[0;33;22mAliases: [0;37;1mLists command aliases[m
[15:05:32] [Server thread/INFO]: [0;37;1m[0;33;22mBukkit: [0;37;1mAll commands for Bukkit[m
[15:05:32] [Server thread/INFO]: [0;37;1m[0;33;22mChunky: [0;37;1mAll commands for Chunky[m
[15:05:32] [Server thread/INFO]: [0;37;1m[0;33;22mLoginSecurity: [0;37;1mAll commands for LoginSecurity[m
[15:05:32] [Server thread/INFO]: [0;37;1m[0;33;22mMinecraft: [0;37;1mAll commands for Minecraft[m
[15:05:32] [Server thread/INFO]: [0;37;1m[0;33;22m/advancement: [0;37;1mA Mojang provided command.[m
[15:05:32] [Server thread/INFO]: [0;37;1m[0;33;22m/attribute: [0;37;1mA Mojang provided command.[m
[15:05:32] [Server thread/INFO]: [0;37;1m[0;33;22m/ban: [0;37;1mA Mojang provided command.[m
[15:05:32] [Server thread/INFO]: [0;37;1m[0;33;22m/ban-ip: [0;37;1mA Mojang provided command.[m
[15:05:32] [Server thread/INFO]: [0;37;1m[0;33;22m/banlist: [0;37;1mA Mojang provided command.[m
[15:05:32] [Server thread/INFO]: [0;37;1m[0;33;22m/bossbar: [0;37;1mA Mojang provided command.[m
[15:05:32] [Server thread/INFO]: [0;37;1m[0;33;22m/changepassword: [0;37;1mChange your account password.[m
[15:05:32] [Server thread/INFO]: [0;37;1m[0;33;22m/chunky: [0;37;1mGenerates chunks[m
[15:05:32] [Server thread/INFO]: [0;37;1m[0;33;22m/clear: [0;37;1mA Mojang provided command.[m
[15:05:32] [Server thread/INFO]: [0;37;1m[0;33;22m/clone: [0;37;1mA Mojang provided command.[m
[15:05:32] [Server thread/INFO]: [0;37;1m[0;33;22m/damage: [0;37;1mA Mojang provided command.[m
[15:05:32] [Server thread/INFO]: [0;37;1m[0;33;22m/data: [0;37;1mA Mojang provided command.[m
[15:05:32] [Server thread/INFO]: [0;37;1m[0;33;22m/datapack: [0;37;1mA Mojang provided command.[m
[15:05:32] [Server thread/INFO]: [0;37;1m[0;33;22m/debug: [0;37;1mA Mojang provided command.[m
[15:05:32] [Server thread/INFO]: [0;37;1m[0;33;22m/defaultgamemode: [0;37;1mA Mojang provided command.[m
[15:05:32] [Server thread/INFO]: [0;37;1m[0;33;22m/deop: [0;37;1mA Mojang provided command.[m
[15:05:32] [Server thread/INFO]: [0;37;1m[0;33;22m/difficulty: [0;37;1mA Mojang provided command.[m
[15:05:32] [Server thread/INFO]: [0;37;1m[0;33;22m/effect: [0;37;1mA Mojang provided command.[m
[15:05:32] [Server thread/INFO]: [0;37;1m[0;33;22m/enchant: [0;37;1mA Mojang provided command.[m
[15:05:32] [Server thread/INFO]: [0;37;1m[0;33;22m/execute: [0;37;1mA Mojang provided command.[m
[15:05:32] [Server thread/INFO]: [0;37;1m[0;33;22m/experience: [0;37;1mA Mojang provided command.[m
[15:05:32] [Server thread/INFO]: [0;37;1m[0;33;22m/fill: [0;37;1mA Mojang provided command.[m
[15:05:32] [Server thread/INFO]: [0;37;1m[0;33;22m/fillbiome: [0;37;1mA Mojang provided command.[m
[15:05:32] [Server thread/INFO]: [0;37;1m[0;33;22m/forceload: [0;37;1mA Mojang provided command.[m
[15:05:32] [Server thread/INFO]: [0;37;1m[0;33;22m/function: [0;37;1mA Mojang provided command.[m
[15:05:32] [Server thread/INFO]: [0;37;1m[0;33;22m/gamemode: [0;37;1mA Mojang provided command.[m
[15:05:32] [Server thread/INFO]: [0;37;1m[0;33;22m/gamerule: [0;37;1mA Mojang provided command.[m
[15:05:32] [Server thread/INFO]: [0;37;1m[0;33;22m/give: [0;37;1mA Mojang provided command.[m
[15:05:32] [Server thread/INFO]: [0;37;1m[0;33;22m/help: [0;37;1mShows the help menu[m
[15:05:32] [Server thread/INFO]: [0;37;1m[0;33;22m/item: [0;37;1mA Mojang provided command.[m
[15:05:32] [Server thread/INFO]: [0;37;1m[0;33;22m/jfr: [0;37;1mA Mojang provided command.[m
[15:05:32] [Server thread/INFO]: [0;37;1m[0;33;22m/kick: [0;37;1mA Mojang provided command.[m
[15:05:32] [Server thread/INFO]: [0;37;1m[0;33;22m/kill: [0;37;1mA Mojang provided command.[m
[15:05:32] [Server thread/INFO]: [0;37;1m[0;33;22m/lac: [0;37;1mLoginSecurity Admin command.[m
[15:05:32] [Server thread/INFO]: [0;37;1m[0;33;22m/list: [0;37;1mA Mojang provided command.[m
[15:05:32] [Server thread/INFO]: [0;37;1m[0;33;22m/locate: [0;37;1mA Mojang provided command.[m
[15:05:32] [Server thread/INFO]: [0;37;1m[0;33;22m/login: [0;37;1mLogin with your account.[m
[15:05:32] [Server thread/INFO]: [0;37;1m[0;33;22m/logout: [0;37;1mLog out of your account.[m
[15:05:32] [Server thread/INFO]: [0;37;1m[0;33;22m/loot: [0;37;1mA Mojang provided command.[m
[15:05:32] [Server thread/INFO]: [0;37;1m[0;33;22m/me: [0;37;1mA Mojang provided command.[m
[15:05:32] [Server thread/INFO]: [0;37;1m[0;33;22m/minecraft:help: [0;37;1mA Mojang provided command.[m
[15:05:32] [Server thread/INFO]: [0;37;1m[0;33;22m/minecraft:reload: [0;37;1mA Mojang provided command.[m
[15:05:32] [Server thread/INFO]: [0;37;1m[0;33;22m/msg: [0;37;1mA Mojang provided command.[m
[15:05:32] [Server thread/INFO]: [0;37;1m[0;33;22m/op: [0;37;1mA Mojang provided command.[m
[15:05:32] [Server thread/INFO]: [0;37;1m[0;33;22m/pardon: [0;37;1mA Mojang provided command.[m
[15:05:32] [Server thread/INFO]: [0;37;1m[0;33;22m/pardon-ip: [0;37;1mA Mojang provided command.[m
[15:05:32] [Server thread/INFO]: [0;37;1m[0;33;22m/particle: [0;37;1mA Mojang provided command.[m
[15:05:32] [Server thread/INFO]: [0;37;1m[0;33;22m/perf: [0;37;1mA Mojang provided command.[m
[15:05:32] [Server thread/INFO]: [0;37;1m[0;33;22m/place: [0;37;1mA Mojang provided command.[m
[15:05:32] [Server thread/INFO]: [0;37;1m[0;33;22m/playsound: [0;37;1mA Mojang provided command.[m
[15:05:32] [Server thread/INFO]: [0;37;1m[0;33;22m/plugins: [0;37;1mGets a list of plugins running on the server[m
[15:05:32] [Server thread/INFO]: [0;37;1m[0;33;22m/random: [0;37;1mA Mojang provided command.[m
[15:05:32] [Server thread/INFO]: [0;37;1m[0;33;22m/recipe: [0;37;1mA Mojang provided command.[m
[15:05:32] [Server thread/INFO]: [0;37;1m[0;33;22m/register: [0;37;1mSet a password for your account.[m
[15:05:32] [Server thread/INFO]: [0;37;1m[0;33;22m/reload: [0;37;1mReloads the server configuration and plugins[m
[15:05:32] [Server thread/INFO]: [0;37;1m[0;33;22m/restart: [0;37;1mRestarts the server[m
[15:05:32] [Server thread/INFO]: [0;37;1m[0;33;22m/return: [0;37;1mA Mojang provided command.[m
[15:05:32] [Server thread/INFO]: [0;37;1m[0;33;22m/ride: [0;37;1mA Mojang provided command.[m
[15:05:32] [Server thread/INFO]: [0;37;1m[0;33;22m/save-all: [0;37;1mA Mojang provided command.[m
[15:05:32] [Server thread/INFO]: [0;37;1m[0;33;22m/save-off: [0;37;1mA Mojang provided command.[m
[15:05:32] [Server thread/INFO]: [0;37;1m[0;33;22m/save-on: [0;37;1mA Mojang provided command.[m
[15:05:32] [Server thread/INFO]: [0;37;1m[0;33;22m/say: [0;37;1mA Mojang provided command.[m
[15:05:32] [Server thread/INFO]: [0;37;1m[0;33;22m/schedule: [0;37;1mA Mojang provided command.[m
[15:05:32] [Server thread/INFO]: [0;37;1m[0;33;22m/scoreboard: [0;37;1mA Mojang provided command.[m
[15:05:32] [Server thread/INFO]: [0;37;1m[0;33;22m/seed: [0;37;1mA Mojang provided command.[m
[15:05:32] [Server thread/INFO]: [0;37;1m[0;33;22m/setblock: [0;37;1mA Mojang provided command.[m
[15:05:32] [Server thread/INFO]: [0;37;1m[0;33;22m/setidletimeout: [0;37;1mA Mojang provided command.[m
[15:05:32] [Server thread/INFO]: [0;37;1m[0;33;22m/setworldspawn: [0;37;1mA Mojang provided command.[m
[15:05:32] [Server thread/INFO]: [0;37;1m[0;33;22m/spawnpoint: [0;37;1mA Mojang provided command.[m
[15:05:32] [Server thread/INFO]: [0;37;1m[0;33;22m/spectate: [0;37;1mA Mojang provided command.[m
[15:05:32] [Server thread/INFO]: [0;37;1m[0;33;22m/spigot: [0;37;1mSpigot related commands[m
[15:05:32] [Server thread/INFO]: [0;37;1m[0;33;22m/spreadplayers: [0;37;1mA Mojang provided command.[m
[15:05:32] [Server thread/INFO]: [0;37;1m[0;33;22m/stop: [0;37;1mA Mojang provided command.[m
[15:05:32] [Server thread/INFO]: [0;37;1m[0;33;22m/stopsound: [0;37;1mA Mojang provided command.[m
[15:05:32] [Server thread/INFO]: [0;37;1m[0;33;22m/summon: [0;37;1mA Mojang provided command.[m
[15:05:32] [Server thread/INFO]: [0;37;1m[0;33;22m/tag: [0;37;1mA Mojang provided command.[m
[15:05:32] [Server thread/INFO]: [0;37;1m[0;33;22m/team: [0;37;1mA Mojang provided command.[m
[15:05:32] [Server thread/INFO]: [0;37;1m[0;33;22m/teammsg: [0;37;1mA Mojang provided command.[m
[15:05:32] [Server thread/INFO]: [0;37;1m[0;33;22m/teleport: [0;37;1mA Mojang provided command.[m
[15:05:32] [Server thread/INFO]: [0;37;1m[0;33;22m/tell: [0;37;1mA Mojang provided command.[m
[15:05:32] [Server thread/INFO]: [0;37;1m[0;33;22m/tellraw: [0;37;1mA Mojang provided command.[m
[15:05:32] [Server thread/INFO]: [0;37;1m[0;33;22m/tick: [0;37;1mA Mojang provided command.[m
[15:05:32] [Server thread/INFO]: [0;37;1m[0;33;22m/time: [0;37;1mA Mojang provided command.[m
[15:05:32] [Server thread/INFO]: [0;37;1m[0;33;22m/timings: [0;37;1mManages Spigot Timings data to see performance of the server.[m
[15:05:32] [Server thread/INFO]: [0;37;1m[0;33;22m/title: [0;37;1mA Mojang provided command.[m
[15:05:32] [Server thread/INFO]: [0;37;1m[0;33;22m/tm: [0;37;1mA Mojang provided command.[m
[15:05:32] [Server thread/INFO]: [0;37;1m[0;33;22m/tp: [0;37;1mA Mojang provided command.[m
[15:05:32] [Server thread/INFO]: [0;37;1m[0;33;22m/tps: [0;37;1mGets the current ticks per second for the server[m
[15:05:32] [Server thread/INFO]: [0;37;1m[0;33;22m/trigger: [0;37;1mA Mojang provided command.[m
[15:05:32] [Server thread/INFO]: [0;37;1m[0;33;22m/unregister: [0;37;1mUnregister your account.[m
[15:05:32] [Server thread/INFO]: [0;37;1m[0;33;22m/version: [0;37;1mGets the version of this server including any plugins in use[m
[15:05:32] [Server thread/INFO]: [0;37;1m[0;33;22m/w: [0;37;1mA Mojang provided command.[m
[15:05:32] [Server thread/INFO]: [0;37;1m[0;33;22m/weather: [0;37;1mA Mojang provided command.[m
[15:05:32] [Server thread/INFO]: [0;37;1m[0;33;22m/whitelist: [0;37;1mA Mojang provided command.[m
[15:05:32] [Server thread/INFO]: [0;37;1m[0;33;22m/worldborder: [0;37;1mA Mojang provided command.[m
[15:05:32] [Server thread/INFO]: [0;37;1m[0;33;22m/xp: [0;37;1mA Mojang provided command.[m
[15:05:33] [Thread-2/INFO]: Stopping server
